<?xml version="1.0" encoding="UTF-8"?>
<!-- Generated by org.testng.reporters.JUnitReportReporter -->
<testsuite skipped="0" hostname="DESKTOP-6OOATFD" name="TestCase1" tests="1" failures="0" timestamp="14 Mar 2020 05:23:17 GMT" time="0.014" errors="0">
  <testcase name="test1" time="0.014" classname="TestCase1"/>
</testsuite> <!-- TestCase1 -->
