<?xml version="1.0" encoding="UTF-8"?>
<!-- Generated by org.testng.reporters.JUnitReportReporter -->
<testsuite skipped="0" hostname="DESKTOP-6OOATFD" name="TestCases.TestCase1" tests="1" failures="0" timestamp="19 Mar 2020 06:41:36 GMT" time="49.110" errors="0">
  <testcase name="OperationsOn65InchTV" time="49.110" classname="TestCases.TestCase1"/>
</testsuite> <!-- TestCases.TestCase1 -->
